
[05/26/2025, 03:44:09 PM] Received Hostaway webhook request (hostway path)
[05/26/2025, 03:44:09 PM] Headers: {
  "host": "36c5-139-135-37-45.ngrok-free.app",
  "user-agent": "Mozilla/5.0 (X11; Linux x86_64) AppleWebKit/537.36 (KHTML, like Gecko) Chrome/110.0.0.0 Safari/537.36",
  "content-length": "1018",
  "accept": "*/*",
  "accept-encoding": "gzip",
  "authorization": "Basic TWFqaWQ6TWFqaWQxMjM=",
  "content-type": "application/json",
  "x-forwarded-for": "52.37.159.97",
  "x-forwarded-host": "36c5-139-135-37-45.ngrok-free.app",
  "x-forwarded-proto": "https"
}
[05/26/2025, 03:44:09 PM] Payload: {
  "id": 273833148,
  "accountId": 80066,
  "userId": null,
  "listingMapId": 387834,
  "reservationId": 42521160,
  "conversationId": 29975705,
  "communicationId": null,
  "airbnbThreadMessageId": null,
  "channelId": 2018,
  "channelThreadMessageId": "25641330985",
  "body": "مرحبا سوفا اكون بدبي انا واخي",
  "imagesUrls": null,
  "bookingcomSubthreadId": null,
  "inReplyTo": null,
  "bookingcomReplyOptions": null,
  "bookingcomSelectedOptions": null,
  "isIncoming": 1,
  "isSeen": 0,
  "sentUsingHostaway": 0,
  "hash": "6ff9e224b9df26609fc5bc200dec475c",
  "listingTimeZoneName": "Asia/Dubai",
  "communicationEvent": null,
  "communicationTimeDelta": null,
  "communicationTimeDeltaSeconds": 0,
  "communicationApplyListingTimeZone": null,
  "communicationAlwaysTrigger": null,
  "date": "2025-05-26 10:41:13",
  "status": "sent",
  "sentChannelDate": null,
  "listingName": "Upper Crest",
  "attachments": [],
  "insertedOn": "2025-05-26 10:41:23",
  "updatedOn": "2025-05-26 10:41:23",
  "communicationType": "channel"
}
[05/26/2025, 03:44:10 PM] Received Hostaway webhook request (hostway path)
[05/26/2025, 03:44:10 PM] Headers: {
  "host": "36c5-139-135-37-45.ngrok-free.app",
  "user-agent": "Mozilla/5.0 (X11; Linux x86_64) AppleWebKit/537.36 (KHTML, like Gecko) Chrome/110.0.0.0 Safari/537.36",
  "content-length": "906",
  "accept": "*/*",
  "accept-encoding": "gzip",
  "authorization": "Basic TWFqaWQ6TWFqaWQxMjM=",
  "content-type": "application/json",
  "x-forwarded-for": "52.32.104.6",
  "x-forwarded-host": "36c5-139-135-37-45.ngrok-free.app",
  "x-forwarded-proto": "https"
}
[05/26/2025, 03:44:10 PM] Payload: {
  "id": 273833304,
  "accountId": 80066,
  "userId": null,
  "listingMapId": 387833,
  "reservationId": 42520880,
  "conversationId": 29975474,
  "communicationId": null,
  "airbnbThreadMessageId": null,
  "channelId": 2018,
  "channelThreadMessageId": "25641340449",
  "body": "They already charge my creditcard",
  "imagesUrls": null,
  "bookingcomSubthreadId": null,
  "inReplyTo": null,
  "bookingcomReplyOptions": null,
  "bookingcomSelectedOptions": null,
  "isIncoming": 1,
  "isSeen": 0,
  "sentUsingHostaway": 0,
  "hash": "9ffba0b23d3ccda1ab101a3bd8e757cc",
  "listingTimeZoneName": "Asia/Dubai",
  "communicationEvent": null,
  "communicationTimeDelta": null,
  "communicationTimeDeltaSeconds": 0,
  "communicationApplyListingTimeZone": null,
  "communicationAlwaysTrigger": null,
  "date": "2025-05-26 10:42:10",
  "status": "sent",
  "sentChannelDate": null,
  "listingName": "2101 Bay's Edge",
  "attachments": [],
  "insertedOn": "2025-05-26 10:42:21",
  "updatedOn": "2025-05-26 10:42:21",
  "communicationType": "channel"
}
[05/26/2025, 03:44:10 PM] Received Hostaway webhook request (hostway path)
[05/26/2025, 03:44:10 PM] Headers: {
  "host": "36c5-139-135-37-45.ngrok-free.app",
  "user-agent": "Mozilla/5.0 (X11; Linux x86_64) AppleWebKit/537.36 (KHTML, like Gecko) Chrome/110.0.0.0 Safari/537.36",
  "content-length": "930",
  "accept": "*/*",
  "accept-encoding": "gzip",
  "authorization": "Basic TWFqaWQ6TWFqaWQxMjM=",
  "content-type": "application/json",
  "x-forwarded-for": "52.32.104.6",
  "x-forwarded-host": "36c5-139-135-37-45.ngrok-free.app",
  "x-forwarded-proto": "https"
}
[05/26/2025, 03:44:10 PM] Payload: {
  "id": 273833352,
  "accountId": 80066,
  "userId": null,
  "listingMapId": 387833,
  "reservationId": 42520880,
  "conversationId": 29975474,
  "communicationId": null,
  "airbnbThreadMessageId": null,
  "channelId": 2018,
  "channelThreadMessageId": "25641344182",
  "body": "u can cancel the reservation if ur not going to accept it",
  "imagesUrls": null,
  "bookingcomSubthreadId": null,
  "inReplyTo": null,
  "bookingcomReplyOptions": null,
  "bookingcomSelectedOptions": null,
  "isIncoming": 1,
  "isSeen": 0,
  "sentUsingHostaway": 0,
  "hash": "25783f12e2b77dd1f8dcca33909c31a1",
  "listingTimeZoneName": "Asia/Dubai",
  "communicationEvent": null,
  "communicationTimeDelta": null,
  "communicationTimeDeltaSeconds": 0,
  "communicationApplyListingTimeZone": null,
  "communicationAlwaysTrigger": null,
  "date": "2025-05-26 10:42:32",
  "status": "sent",
  "sentChannelDate": null,
  "listingName": "2101 Bay's Edge",
  "attachments": [],
  "insertedOn": "2025-05-26 10:42:43",
  "updatedOn": "2025-05-26 10:42:43",
  "communicationType": "channel"
}
[05/26/2025, 03:45:13 PM] Received Hostaway webhook request (hostway path)
[05/26/2025, 03:45:13 PM] Headers: {
  "host": "36c5-139-135-37-45.ngrok-free.app",
  "user-agent": "Mozilla/5.0 (X11; Linux x86_64) AppleWebKit/537.36 (KHTML, like Gecko) Chrome/110.0.0.0 Safari/537.36",
  "content-length": "959",
  "accept": "*/*",
  "accept-encoding": "gzip",
  "authorization": "Basic TWFqaWQ6TWFqaWQxMjM=",
  "content-type": "application/json",
  "x-forwarded-for": "52.37.159.97",
  "x-forwarded-host": "36c5-139-135-37-45.ngrok-free.app",
  "x-forwarded-proto": "https"
}
[05/26/2025, 03:45:13 PM] Payload: {
  "id": 273833578,
  "accountId": 80066,
  "userId": null,
  "listingMapId": 387833,
  "reservationId": 42520880,
  "conversationId": 29975474,
  "communicationId": null,
  "airbnbThreadMessageId": null,
  "channelId": 2018,
  "channelThreadMessageId": "25641355967",
  "body": "I don’t want to be charge twice first u cancel the pending then I will book again",
  "imagesUrls": null,
  "bookingcomSubthreadId": null,
  "inReplyTo": null,
  "bookingcomReplyOptions": null,
  "bookingcomSelectedOptions": null,
  "isIncoming": 1,
  "isSeen": 0,
  "sentUsingHostaway": 0,
  "hash": "a4b5efde4053d1c6f0f418c85c96f968",
  "listingTimeZoneName": "Asia/Dubai",
  "communicationEvent": null,
  "communicationTimeDelta": null,
  "communicationTimeDeltaSeconds": 0,
  "communicationApplyListingTimeZone": null,
  "communicationAlwaysTrigger": null,
  "date": "2025-05-26 10:43:43",
  "status": "sent",
  "sentChannelDate": null,
  "listingName": "2101 Bay's Edge",
  "attachments": [],
  "insertedOn": "2025-05-26 10:43:53",
  "updatedOn": "2025-05-26 10:43:53",
  "communicationType": "channel"
}
[05/26/2025, 03:46:12 PM] Received Hostaway webhook request (hostway path)
[05/26/2025, 03:46:12 PM] Headers: {
  "host": "36c5-139-135-37-45.ngrok-free.app",
  "user-agent": "Mozilla/5.0 (X11; Linux x86_64) AppleWebKit/537.36 (KHTML, like Gecko) Chrome/110.0.0.0 Safari/537.36",
  "content-length": "1605",
  "accept": "*/*",
  "accept-encoding": "gzip",
  "authorization": "Basic TWFqaWQ6TWFqaWQxMjM=",
  "content-type": "application/json",
  "x-forwarded-for": "52.37.159.97",
  "x-forwarded-host": "36c5-139-135-37-45.ngrok-free.app",
  "x-forwarded-proto": "https"
}
[05/26/2025, 03:46:12 PM] Payload: {
  "id": 273833683,
  "accountId": 80066,
  "userId": null,
  "listingMapId": 387834,
  "reservationId": 42521160,
  "conversationId": 29975705,
  "communicationId": null,
  "airbnbThreadMessageId": null,
  "channelId": 2018,
  "channelThreadMessageId": "25641361415",
  "body": "",
  "imagesUrls": [
    "https://hostaway-platform.s3.us-west-2.amazonaws.com/conversation-messages/airbnb-official-message-25641361415-479456566-M6ENLn2CwE8XjOoCU20CWOuBnn1eme64whY5XXfYlyU-68344609c1a44.jpeg"
  ],
  "bookingcomSubthreadId": null,
  "inReplyTo": null,
  "bookingcomReplyOptions": null,
  "bookingcomSelectedOptions": null,
  "isIncoming": 1,
  "isSeen": 0,
  "sentUsingHostaway": 0,
  "hash": "5a2444b72164fd3be1a026539bcbfe36",
  "listingTimeZoneName": "Asia/Dubai",
  "communicationEvent": null,
  "communicationTimeDelta": null,
  "communicationTimeDeltaSeconds": 0,
  "communicationApplyListingTimeZone": null,
  "communicationAlwaysTrigger": null,
  "date": "2025-05-26 10:44:15",
  "status": "sent",
  "sentChannelDate": null,
  "listingName": "Upper Crest",
  "attachments": [
    {
      "id": 10757945,
      "accountId": 80066,
      "listingMapId": null,
      "reservationId": null,
      "taskId": null,
      "autoTaskId": null,
      "name": "airbnb-official-message-25641361415-479456566-M6ENLn2CwE8XjOoCU20CWOuBnn1eme64whY5XXfYlyU-68344609c1a44.jpeg",
      "url": "https://hostaway-platform.s3.us-west-2.amazonaws.com/conversation-messages/airbnb-official-message-25641361415-479456566-M6ENLn2CwE8XjOoCU20CWOuBnn1eme64whY5XXfYlyU-68344609c1a44.jpeg",
      "isPublic": 0,
      "communicationId": null,
      "conversationMessageId": 273833683,
      "extension": "jpeg",
      "mimeType": "image/jpeg",
      "isImage": null
    }
  ],
  "insertedOn": "2025-05-26 10:44:28",
  "updatedOn": "2025-05-26 10:44:28",
  "communicationType": "channel"
}
[05/26/2025, 03:46:12 PM] Received Hostaway webhook request (hostway path)
[05/26/2025, 03:46:12 PM] Headers: {
  "host": "36c5-139-135-37-45.ngrok-free.app",
  "user-agent": "Mozilla/5.0 (X11; Linux x86_64) AppleWebKit/537.36 (KHTML, like Gecko) Chrome/110.0.0.0 Safari/537.36",
  "content-length": "1608",
  "accept": "*/*",
  "accept-encoding": "gzip",
  "authorization": "Basic TWFqaWQ6TWFqaWQxMjM=",
  "content-type": "application/json",
  "x-forwarded-for": "52.37.159.97",
  "x-forwarded-host": "36c5-139-135-37-45.ngrok-free.app",
  "x-forwarded-proto": "https"
}
[05/26/2025, 03:46:12 PM] Payload: {
  "id": 273833660,
  "accountId": 80066,
  "userId": null,
  "listingMapId": 387834,
  "reservationId": 42521160,
  "conversationId": 29975705,
  "communicationId": null,
  "airbnbThreadMessageId": null,
  "channelId": 2018,
  "channelThreadMessageId": "25641359577",
  "body": "",
  "imagesUrls": [
    "https://hostaway-platform.s3.us-west-2.amazonaws.com/conversation-messages/airbnb-official-message-25641359577-479456566---37p7OXtbUstngbnsruTkH9iTwcVOtqhJnFCU-ww8CY-683445fed9607.jpeg"
  ],
  "bookingcomSubthreadId": null,
  "inReplyTo": null,
  "bookingcomReplyOptions": null,
  "bookingcomSelectedOptions": null,
  "isIncoming": 1,
  "isSeen": 0,
  "sentUsingHostaway": 0,
  "hash": "fbab7089240f388f824aaea812d92fdf",
  "listingTimeZoneName": "Asia/Dubai",
  "communicationEvent": null,
  "communicationTimeDelta": null,
  "communicationTimeDeltaSeconds": 0,
  "communicationApplyListingTimeZone": null,
  "communicationAlwaysTrigger": null,
  "date": "2025-05-26 10:44:04",
  "status": "sent",
  "sentChannelDate": null,
  "listingName": "Upper Crest",
  "attachments": [
    {
      "id": 10757944,
      "accountId": 80066,
      "listingMapId": null,
      "reservationId": null,
      "taskId": null,
      "autoTaskId": null,
      "name": "airbnb-official-message-25641359577-479456566---37p7OXtbUstngbnsruTkH9iTwcVOtqhJnFCU-ww8CY-683445fed9607.jpeg",
      "url": "https://hostaway-platform.s3.us-west-2.amazonaws.com/conversation-messages/airbnb-official-message-25641359577-479456566---37p7OXtbUstngbnsruTkH9iTwcVOtqhJnFCU-ww8CY-683445fed9607.jpeg",
      "isPublic": 0,
      "communicationId": null,
      "conversationMessageId": 273833660,
      "extension": "jpeg",
      "mimeType": "image/jpeg",
      "isImage": null
    }
  ],
  "insertedOn": "2025-05-26 10:44:16",
  "updatedOn": "2025-05-26 10:44:16",
  "communicationType": "channel"
}
[05/26/2025, 03:47:10 PM] Received Hostaway webhook request (hostway path)
[05/26/2025, 03:47:10 PM] Headers: {
  "host": "36c5-139-135-37-45.ngrok-free.app",
  "user-agent": "Mozilla/5.0 (X11; Linux x86_64) AppleWebKit/537.36 (KHTML, like Gecko) Chrome/110.0.0.0 Safari/537.36",
  "content-length": "909",
  "accept": "*/*",
  "accept-encoding": "gzip",
  "authorization": "Basic TWFqaWQ6TWFqaWQxMjM=",
  "content-type": "application/json",
  "x-forwarded-for": "52.37.159.97",
  "x-forwarded-host": "36c5-139-135-37-45.ngrok-free.app",
  "x-forwarded-proto": "https"
}
[05/26/2025, 03:47:10 PM] Payload: {
  "id": 273833927,
  "accountId": 80066,
  "userId": null,
  "listingMapId": 387833,
  "reservationId": 42520880,
  "conversationId": 29975474,
  "communicationId": null,
  "airbnbThreadMessageId": null,
  "channelId": 2018,
  "channelThreadMessageId": "25641376935",
  "body": "My wife is local she is resident uae",
  "imagesUrls": null,
  "bookingcomSubthreadId": null,
  "inReplyTo": null,
  "bookingcomReplyOptions": null,
  "bookingcomSelectedOptions": null,
  "isIncoming": 1,
  "isSeen": 0,
  "sentUsingHostaway": 0,
  "hash": "19daad65eb98c0543c20e90572b43237",
  "listingTimeZoneName": "Asia/Dubai",
  "communicationEvent": null,
  "communicationTimeDelta": null,
  "communicationTimeDeltaSeconds": 0,
  "communicationApplyListingTimeZone": null,
  "communicationAlwaysTrigger": null,
  "date": "2025-05-26 10:45:48",
  "status": "sent",
  "sentChannelDate": null,
  "listingName": "2101 Bay's Edge",
  "attachments": [],
  "insertedOn": "2025-05-26 10:45:59",
  "updatedOn": "2025-05-26 10:45:59",
  "communicationType": "channel"
}[27/05/2025, 10:54:13 am] Received Hostaway webhook request (hostway path)
Request Body: {
  "message": "This is a test message from VRBO",
  "conversationId": "vrbo-test-1",
  "channelId": "vrbo",
  "senderId": "vrbo-sender",
  "senderName": "VRBO Test Guest"
}

[27/05/2025, 10:57:59 am] Received Hostaway webhook request (hostway path)
Request Body: {
  "message": "This is a test message from VRBO",
  "conversationId": "vrbo-test-1",
  "channelId": "vrbo",
  "senderId": "vrbo-sender",
  "senderName": "VRBO Test Guest"
}

